<?xml version="1.0" encoding="UTF-8"?>
<!-- Generated by org.testng.reporters.JUnitReportReporter -->
<testsuite skipped="0" hostname="DESKTOP-0EHBFCG" name="com.qa.tests.DemoTest" tests="4" failures="0" timestamp="28 Dec 2020 17:44:06 GMT" time="0.019" errors="0">
  <testcase name="Sub" time="0.002" classname="com.qa.tests.DemoTest"/>
  <testcase name="Sum" time="0.002" classname="com.qa.tests.DemoTest"/>
  <testcase name="Div" time="0.013" classname="com.qa.tests.DemoTest"/>
  <testcase name="Mul" time="0.002" classname="com.qa.tests.DemoTest"/>
</testsuite> <!-- com.qa.tests.DemoTest -->
