<?xml version="1.0" encoding="UTF-8"?>
<!-- Generated by org.testng.reporters.JUnitReportReporter -->
<testsuite skipped="0" hostname="DESKTOP-0EHBFCG" name="com.qa.tests.DemoTest" tests="4" failures="0" timestamp="29 Dec 2020 05:30:40 GMT" time="0.018" errors="0">
  <testcase name="Sum" time="0.001" classname="com.qa.tests.DemoTest"/>
  <testcase name="Mul" time="0.001" classname="com.qa.tests.DemoTest"/>
  <testcase name="Sub" time="0.001" classname="com.qa.tests.DemoTest"/>
  <testcase name="Div" time="0.015" classname="com.qa.tests.DemoTest"/>
</testsuite> <!-- com.qa.tests.DemoTest -->
